Using pre-set license
Built from '2022.1/staging' branch; Version is '2022.1.7f1 (240f4c1f462c) revision 2363212'; Using compiler version '192829333'; Build Type 'Release'
OS: 'Windows 11  (10.0.22000) 64bit Professional' Language: 'en' Physical Memory: 16168 MB
BatchMode: 1, IsHumanControllingUs: 0, StartBugReporterOnCrash: 0, Is64bit: 1, IsPro: 1

COMMAND LINE ARGUMENTS:
C:\Program Files\Unity\Hub\Editor\2022.1.7f1\Editor\Unity.exe
-adb2
-batchMode
-noUpm
-name
AssetImportWorker0
-projectPath
C:/Users/cpesh/Desktop/Unity/ShooterDjigasta/DjigastaShooter
-logFile
Logs/AssetImportWorker0.log
-srvPort
54109
Successfully changed project path to: C:/Users/cpesh/Desktop/Unity/ShooterDjigasta/DjigastaShooter
C:/Users/cpesh/Desktop/Unity/ShooterDjigasta/DjigastaShooter
[UnityMemory] Configuration Parameters - Can be set up in boot.config
    "memorysetup-bucket-allocator-granularity=16"
    "memorysetup-bucket-allocator-bucket-count=8"
    "memorysetup-bucket-allocator-block-size=33554432"
    "memorysetup-bucket-allocator-block-count=8"
    "memorysetup-main-allocator-block-size=16777216"
    "memorysetup-thread-allocator-block-size=16777216"
    "memorysetup-gfx-main-allocator-block-size=16777216"
    "memorysetup-gfx-thread-allocator-block-size=16777216"
    "memorysetup-cache-allocator-block-size=4194304"
    "memorysetup-typetree-allocator-block-size=2097152"
    "memorysetup-profiler-bucket-allocator-granularity=16"
    "memorysetup-profiler-bucket-allocator-bucket-count=8"
    "memorysetup-profiler-bucket-allocator-block-size=33554432"
    "memorysetup-profiler-bucket-allocator-block-count=8"
    "memorysetup-profiler-allocator-block-size=16777216"
    "memorysetup-profiler-editor-allocator-block-size=1048576"
    "memorysetup-temp-allocator-size-main=16777216"
    "memorysetup-job-temp-allocator-block-size=2097152"
    "memorysetup-job-temp-allocator-block-size-background=1048576"
    "memorysetup-job-temp-allocator-reduction-small-platforms=262144"
    "memorysetup-temp-allocator-size-background-worker=32768"
    "memorysetup-temp-allocator-size-job-worker=262144"
    "memorysetup-temp-allocator-size-preload-manager=33554432"
    "memorysetup-temp-allocator-size-nav-mesh-worker=65536"
    "memorysetup-temp-allocator-size-audio-worker=65536"
    "memorysetup-temp-allocator-size-cloud-worker=32768"
    "memorysetup-temp-allocator-size-gi-baking-worker=262144"
    "memorysetup-temp-allocator-size-gfx=262144"
Refreshing native plugins compatible for Editor in 125.56 ms, found 5 plugins.
Preloading 0 native plugins for Editor in 0.00 ms.
Initialize engine version: 2022.1.7f1 (240f4c1f462c)
[Subsystems] Discovering subsystems at path C:/Program Files/Unity/Hub/Editor/2022.1.7f1/Editor/Data/Resources/UnitySubsystems
[Subsystems] Discovering subsystems at path C:/Users/cpesh/Desktop/Unity/ShooterDjigasta/DjigastaShooter/Assets
GfxDevice: creating device client; threaded=0; jobified=0
Direct3D:
    Version:  Direct3D 11.0 [level 11.1]
    Renderer: NVIDIA GeForce RTX 2060 (ID=0x1f15)
    Vendor:   NVIDIA
    VRAM:     5980 MB
    Driver:   31.0.15.1659
Initialize mono
Mono path[0] = 'C:/Program Files/Unity/Hub/Editor/2022.1.7f1/Editor/Data/Managed'
Mono path[1] = 'C:/Program Files/Unity/Hub/Editor/2022.1.7f1/Editor/Data/MonoBleedingEdge/lib/mono/unityjit-win32'
Mono config path = 'C:/Program Files/Unity/Hub/Editor/2022.1.7f1/Editor/Data/MonoBleedingEdge/etc'
Using monoOptions --debugger-agent=transport=dt_socket,embedding=1,server=y,suspend=n,address=127.0.0.1:56084
Begin MonoManager ReloadAssembly
Registering precompiled unity dll's ...
Register platform support module: C:/Program Files/Unity/Hub/Editor/2022.1.7f1/Editor/Data/PlaybackEngines/WebGLSupport/UnityEditor.WebGL.Extensions.dll
Register platform support module: C:/Program Files/Unity/Hub/Editor/2022.1.7f1/Editor/Data/PlaybackEngines/WindowsStandaloneSupport/UnityEditor.WindowsStandalone.Extensions.dll
Registered in 0.004423 seconds.
Native extension for WindowsStandalone target not found
Native extension for WebGL target not found
Refreshing native plugins compatible for Editor in 132.20 ms, found 5 plugins.
Preloading 0 native plugins for Editor in 0.00 ms.
Mono: successfully reloaded assembly
- Completed reload, in  0.727 seconds
Domain Reload Profiling:
	ReloadAssembly (727ms)
		BeginReloadAssembly (81ms)
			ExecutionOrderSort (0ms)
			DisableScriptedObjects (0ms)
			BackupInstance (0ms)
			ReleaseScriptingObjects (0ms)
			CreateAndSetChildDomain (1ms)
		EndReloadAssembly (530ms)
			LoadAssemblies (79ms)
			RebuildTransferFunctionScriptingTraits (0ms)
			SetupTypeCache (126ms)
				TypeCache.Initialize (126ms)
					TypeCache.ScanAssembly (124ms)
				ResolveRequiredComponents (0ms)
			ReleaseScriptCaches (0ms)
			RebuildScriptCaches (27ms)
			SetupLoadedEditorAssemblies (325ms)
				LogAssemblyErrors (0ms)
				InitializePlatformSupportModulesInManaged (8ms)
				SetLoadedEditorAssemblies (7ms)
				RefreshPlugins (132ms)
				BeforeProcessingInitializeOnLoad (1ms)
				ProcessInitializeOnLoadAttributes (134ms)
				ProcessInitializeOnLoadMethodAttributes (43ms)
				AfterProcessingInitializeOnLoad (0ms)
				EditorAssembliesLoaded (0ms)
			ExecutionOrderSort2 (0ms)
			AwakeInstancesAfterBackupRestoration (0ms)
Platform modules already initialized, skipping
Registering precompiled user dll's ...
Registered in 0.008395 seconds.
Begin MonoManager ReloadAssembly
Symbol file LoadedFromMemory doesn't match image C:\Users\cpesh\Desktop\Unity\ShooterDjigasta\DjigastaShooter\Library\PackageCache\com.unity.visualscripting@1.7.8\Editor\VisualScripting.Core\Dependencies\YamlDotNet\Unity.VisualScripting.YamlDotNet.dll
Symbol file LoadedFromMemory doesn't match image C:\Users\cpesh\Desktop\Unity\ShooterDjigasta\DjigastaShooter\Library\PackageCache\com.unity.visualscripting@1.7.8\Editor\VisualScripting.Core\Dependencies\DotNetZip\Unity.VisualScripting.IonicZip.dll
Native extension for WindowsStandalone target not found
Native extension for WebGL target not found
Refreshing native plugins compatible for Editor in 1.27 ms, found 5 plugins.
Preloading 0 native plugins for Editor in 0.00 ms.
Mono: successfully reloaded assembly
- Completed reload, in  1.222 seconds
Domain Reload Profiling:
	ReloadAssembly (1223ms)
		BeginReloadAssembly (109ms)
			ExecutionOrderSort (0ms)
			DisableScriptedObjects (5ms)
			BackupInstance (0ms)
			ReleaseScriptingObjects (0ms)
			CreateAndSetChildDomain (20ms)
		EndReloadAssembly (989ms)
			LoadAssemblies (81ms)
			RebuildTransferFunctionScriptingTraits (0ms)
			SetupTypeCache (333ms)
				TypeCache.Initialize (323ms)
					TypeCache.ScanAssembly (319ms)
				ResolveRequiredComponents (10ms)
			ReleaseScriptCaches (1ms)
			RebuildScriptCaches (72ms)
			SetupLoadedEditorAssemblies (441ms)
				LogAssemblyErrors (0ms)
				InitializePlatformSupportModulesInManaged (6ms)
				SetLoadedEditorAssemblies (7ms)
				RefreshPlugins (1ms)
				BeforeProcessingInitializeOnLoad (93ms)
				ProcessInitializeOnLoadAttributes (302ms)
				ProcessInitializeOnLoadMethodAttributes (27ms)
				AfterProcessingInitializeOnLoad (5ms)
				EditorAssembliesLoaded (0ms)
			ExecutionOrderSort2 (0ms)
			AwakeInstancesAfterBackupRestoration (5ms)
Platform modules already initialized, skipping
========================================================================
Worker process is ready to serve import requests
Launched and connected shader compiler UnityShaderCompiler.exe after 0.03 seconds
Refreshing native plugins compatible for Editor in 1.29 ms, found 5 plugins.
Preloading 0 native plugins for Editor in 0.00 ms.
Unloading 4099 Unused Serialized files (Serialized files now loaded: 0)
Unloading 57 unused Assets / (1.6 MB). Loaded Objects now: 4625.
Memory consumption went from 0.66 GB to 0.66 GB.
Total: 3.719200 ms (FindLiveObjects: 0.384700 ms CreateObjectMapping: 0.342600 ms MarkObjects: 2.460900 ms  DeleteObjects: 0.529900 ms)

AssetImportParameters requested are different than current active one (requested -> active):
  custom:video-decoder-ogg-theora: a1e56fd34408186e4bbccfd4996cb3dc -> 
  custom:container-muxer-webm: aa71ff27fc2769a1b78a27578f13a17b -> 
  custom:container-demuxer-webm: 4f35f7cbe854078d1ac9338744f61a02 -> 
  custom:video-encoder-webm-vp8: eb34c28f22e8b96e1ab97ce403110664 -> 
  custom:audio-encoder-webm-vorbis: bf7c407c2cedff20999df2af8eb42d56 -> 
  custom:framework-win-MediaFoundation: 216162199b28c13a410421893ffa2e32 -> 
  custom:container-demuxer-ogg: 62fdf1f143b41e24485cea50d1cbac27 -> 
  custom:video-decoder-webm-vp8: 9c59270c3fd7afecdb556c50c9e8de78 -> 
  custom:audio-decoder-ogg-vorbis: bf7c407c2cedff20999df2af8eb42d56 -> 
========================================================================
Received Import Request.
  Time since last request: 306107.240675 seconds.
  path: Assets/New Terrain.asset
  artifactKey: Guid(b3171c260adac6b4a909891a85bae7ca) Importer(815301076,1909f56bfc062723c751e8b465ee728b)
Start importing Assets/New Terrain.asset using Guid(b3171c260adac6b4a909891a85bae7ca) Importer(815301076,1909f56bfc062723c751e8b465ee728b)  -> (artifact id: 'ed8b3fb6e69ac86f7ea85eaba770a63b') in 0.119918 seconds 
========================================================================
Received Import Request.
  Time since last request: 95.752441 seconds.
  path: Assets/Ammunition pack (demo)/Materials/Bullet1_mat(1).mat
  artifactKey: Guid(a9b4fec9d71bd2147b7c657e369a5689) Importer(815301076,1909f56bfc062723c751e8b465ee728b)
Start importing Assets/Ammunition pack (demo)/Materials/Bullet1_mat(1).mat using Guid(a9b4fec9d71bd2147b7c657e369a5689) Importer(815301076,1909f56bfc062723c751e8b465ee728b)  -> (artifact id: '4783202242371179abc548d5c80ded47') in 0.070910 seconds 
========================================================================
Received Import Request.
  Time since last request: 0.000015 seconds.
  path: Assets/Ammunition pack (demo)/Materials/Bullet6_mat.mat
  artifactKey: Guid(d474d02838cc593409f65844af6d2fb8) Importer(815301076,1909f56bfc062723c751e8b465ee728b)
Start importing Assets/Ammunition pack (demo)/Materials/Bullet6_mat.mat using Guid(d474d02838cc593409f65844af6d2fb8) Importer(815301076,1909f56bfc062723c751e8b465ee728b)  -> (artifact id: '91f45fb67558e40f2c821212792bf4db') in 0.032221 seconds 
========================================================================
Received Import Request.
  Time since last request: 0.000016 seconds.
  path: Assets/Ammunition pack (demo)/Materials/Bullet2_mat(2).mat
  artifactKey: Guid(d9914e967ec3658459d4a5b61c97cde7) Importer(815301076,1909f56bfc062723c751e8b465ee728b)
Start importing Assets/Ammunition pack (demo)/Materials/Bullet2_mat(2).mat using Guid(d9914e967ec3658459d4a5b61c97cde7) Importer(815301076,1909f56bfc062723c751e8b465ee728b)  -> (artifact id: 'a9122c7618c01833bf23c09a2fc4eaca') in 0.035975 seconds 
========================================================================
Received Import Request.
  Time since last request: 0.000044 seconds.
  path: Assets/Ammunition pack (demo)/Materials/Bullet2_mat(1).mat
  artifactKey: Guid(fc0e52ec46c8685419a3afc53ee966e8) Importer(815301076,1909f56bfc062723c751e8b465ee728b)
Start importing Assets/Ammunition pack (demo)/Materials/Bullet2_mat(1).mat using Guid(fc0e52ec46c8685419a3afc53ee966e8) Importer(815301076,1909f56bfc062723c751e8b465ee728b)  -> (artifact id: 'a751207769637bbd1cca0f5e03e0eb5c') in 0.041114 seconds 
========================================================================
Received Import Request.
  Time since last request: 0.000013 seconds.
  path: Assets/Ammunition pack (demo)/Materials/Bullet4_mat.mat
  artifactKey: Guid(03cf17cedb09cf6468771788ef38d1d8) Importer(815301076,1909f56bfc062723c751e8b465ee728b)
Start importing Assets/Ammunition pack (demo)/Materials/Bullet4_mat.mat using Guid(03cf17cedb09cf6468771788ef38d1d8) Importer(815301076,1909f56bfc062723c751e8b465ee728b)  -> (artifact id: '177241a96805e500207d9aa94dce4661') in 0.034512 seconds 
========================================================================
Received Import Request.
  Time since last request: 0.000014 seconds.
  path: Assets/Ammunition pack (demo)/Materials/Bullet8_mat.mat
  artifactKey: Guid(d71231cfc1ddd2f468bf250085a8853e) Importer(815301076,1909f56bfc062723c751e8b465ee728b)
Start importing Assets/Ammunition pack (demo)/Materials/Bullet8_mat.mat using Guid(d71231cfc1ddd2f468bf250085a8853e) Importer(815301076,1909f56bfc062723c751e8b465ee728b)  -> (artifact id: 'c3dfca0eb2f76bd1e0b41b6f529e1395') in 0.032809 seconds 
========================================================================
Received Import Request.
  Time since last request: 0.000015 seconds.
  path: Assets/Ammunition pack (demo)/Materials/Bullet5_mat(3).mat
  artifactKey: Guid(6abfa12a63688b241a423afad4eca488) Importer(815301076,1909f56bfc062723c751e8b465ee728b)
Start importing Assets/Ammunition pack (demo)/Materials/Bullet5_mat(3).mat using Guid(6abfa12a63688b241a423afad4eca488) Importer(815301076,1909f56bfc062723c751e8b465ee728b)  -> (artifact id: '57f832b2ac6df38b98a0398c2a377d9b') in 0.020815 seconds 
========================================================================
Received Import Request.
  Time since last request: 0.000022 seconds.
  path: Assets/Ammunition pack (demo)/Materials/Bullet7_mat(2).mat
  artifactKey: Guid(2268a2ca378a80a4099f75828517fe5d) Importer(815301076,1909f56bfc062723c751e8b465ee728b)
Start importing Assets/Ammunition pack (demo)/Materials/Bullet7_mat(2).mat using Guid(2268a2ca378a80a4099f75828517fe5d) Importer(815301076,1909f56bfc062723c751e8b465ee728b)  -> (artifact id: '8faa845e0ce964aff96a78e78311589a') in 0.025626 seconds 
Editor requested this worker to shutdown with reason: Scaling down because of idle timeout
AssetImportWorker is now disconnected from the server
Process exiting
Exiting without the bug reporter. Application will terminate with return code 0